\BOOKMARK [0][]{chapter.1}{\376\377\000A\000b\000s\000t\000r\000a\000c\000t}{}% 1
\BOOKMARK [0][]{chapter.2}{\376\377\000T\000a\000b\000l\000e\000\040\000o\000f\000\040\000C\000o\000n\000t\000e\000n\000t\000s}{}% 2
\BOOKMARK [0][]{chapter.3}{\376\377\000P\000r\000e\000l\000i\000m\000i\000n\000a\000r\000i\000e\000s\000\040}{}% 3
\BOOKMARK [1][]{section.3.1}{\376\377\000T\000r\000a\000n\000s\000p\000o\000r\000t\000\040\000i\000n\000\040\000Q\000u\000a\000n\000t\000u\000m\000\040\000D\000o\000t\000s\000\040\000\050\000Q\000D\000s\000\051}{chapter.3}% 4
\BOOKMARK [1][]{section.3.2}{\376\377\000T\000h\000e\000\040\000A\000n\000d\000e\000r\000s\000o\000n\000\040\000M\000o\000d\000e\000l}{chapter.3}% 5
\BOOKMARK [1][]{section.3.3}{\376\377\000T\000h\000e\000\040\000K\000o\000n\000d\000o\000\040\000E\000f\000f\000e\000c\000t}{chapter.3}% 6
\BOOKMARK [2][]{subsection.3.3.1}{\376\377\000K\000o\000n\000d\000o\000\040\000E\000f\000f\000e\000c\000t\000\040\000i\000n\000\040\000Q\000D\000s}{section.3.3}% 7
\BOOKMARK [0][]{chapter.4}{\376\377\000T\000h\000e\000o\000r\000y\000\040\000a\000n\000d\000\040\000M\000e\000t\000h\000o\000d\000s\000\040}{}% 8
\BOOKMARK [1][]{section.4.1}{\376\377\000B\000a\000l\000l\000i\000s\000t\000i\000c\000\040\000t\000r\000a\000n\000s\000p\000o\000r\000t\000\040\000\040}{chapter.4}% 9
\BOOKMARK [2][]{subsection.4.1.1}{\376\377\000U\000s\000i\000n\000g\000\040\000g\000r\000a\000p\000h\000\040\000t\000h\000e\000o\000r\000y\000\040\000t\000o\000\040\000s\000o\000l\000v\000e\000\040\000t\000h\000e\000\040\000t\000r\000a\000n\000s\000p\000o\000r\000t\000\040\000e\000q\000u\000a\000t\000i\000o\000n\000s\000\040}{section.4.1}% 10
\BOOKMARK [2][]{subsection.4.1.2}{\376\377\000G\000r\000a\000p\000h\000\040\000A\000l\000g\000o\000r\000i\000t\000h\000m\000\040}{section.4.1}% 11
\BOOKMARK [2][]{subsection.4.1.3}{\376\377\000B\000a\000l\000l\000i\000s\000t\000i\000c\000\040\000t\000r\000a\000n\000s\000p\000o\000r\000t\000\040\000i\000n\000\040\000a\000\040\000d\000o\000u\000b\000l\000e\000\040\000q\000u\000a\000n\000t\000u\000m\000\040\000d\000o\000t\000\040}{section.4.1}% 12
\BOOKMARK [1][]{section.4.2}{\376\377\000T\000h\000e\000\040\000N\000u\000m\000e\000r\000i\000c\000a\000l\000\040\000R\000e\000n\000o\000r\000m\000a\000l\000i\000z\000a\000t\000i\000o\000n\000\040\000G\000r\000o\000u\000p\000\040\000\050\000N\000R\000G\000\051\000\040}{chapter.4}% 13
\BOOKMARK [2][]{subsection.4.2.1}{\376\377\000D\000e\000n\000s\000i\000t\000y\000\040\000M\000a\000t\000r\000i\000x\000\040\000R\000e\000n\000o\000r\000m\000a\000l\000i\000z\000a\000t\000i\000o\000n\000\040\000G\000r\000o\000u\000p\000\040\000\050\000D\000M\000-\000N\000R\000G\000\051}{section.4.2}% 14
\BOOKMARK [2][]{subsection.4.2.2}{\376\377\000N\000R\000G\000\040\000r\000e\000s\000u\000l\000t\000s\000\040\000i\000n\000\040\000a\000\040\000D\000o\000u\000b\000l\000e\000\040\000Q\000u\000a\000n\000t\000u\000m\000\040\000D\000o\000t\000\040}{section.4.2}% 15
\BOOKMARK [1][]{figure.4.6}{\376\377\000R\000e\000f\000e\000r\000e\000n\000c\000e\000s}{chapter.4}% 16
\BOOKMARK [0][]{chapter*.4}{\376\377\000B\000i\000b\000l\000i\000o\000g\000r\000a\000p\000h\000y}{}% 17
\BOOKMARK [0][]{appendix.A}{\376\377\000A\000p\000p\000e\000n\000d\000i\000x}{}% 18
\BOOKMARK [1][]{section.A.1}{\376\377\000P\000r\000o\000o\000f\000\040\000o\000f\000\040\000t\000h\000e\000\040\000G\000r\000a\000p\000h\000\040\000M\000e\000t\000h\000o\000d\000\040\000f\000o\000r\000\040\000T\000r\000a\000n\000s\000p\000o\000r\000t\000\040\000E\000q\000u\000a\000t\000i\000o\000n\000s\000.}{appendix.A}% 19
\BOOKMARK [0][]{appendix.B}{\376\377\000T\000h\000r\000e\000e\000\040\000p\000e\000a\000k\000\040\000a\000p\000p\000e\000a\000r\000a\000n\000c\000e\000\040\000i\000n\000\040\000t\000h\000e\000\040\000D\000o\000u\000b\000l\000e\000\040\000Q\000u\000a\000n\000t\000u\000m\000\040\000D\000o\000t\000\040\000m\000o\000d\000e\000l\000.}{}% 20
\BOOKMARK [1][]{section.B.1}{\376\377\000I\000n\000i\000t\000i\000a\000l\000\040\000D\000Q\000D\000-\000M\000a\000j\000o\000r\000a\000n\000a\000\040\000H\000a\000m\000i\000l\000t\000o\000n\000i\000a\000n\000.}{appendix.B}% 21
