This is pdfTeX, Version 3.14159265-2.6-1.40.16 (TeX Live 2015/Debian) (preloaded format=pdflatex 2018.10.15)  13 FEB 2019 23:27
entering extended mode
 restricted \write18 enabled.
 %&-line parsing enabled.
**main.tex
(./main.tex
LaTeX2e <2016/02/01>
Babel <3.9q> and hyphenation patterns for 5 language(s) loaded.
(./ubcthesis.cls
Document Class: ubcthesis 2012/04/07 v1.70 
 University of British Columbia Thesis Class
(./genthesis.cls
Document Class: genthesis 2012/04/07 v1.70 
 University of British Columbia Thesis Class
\hours=\count79
\minutes=\count80
\UBCT@oldtextwidth=\skip41
\UBCT@oldtextheight=\skip42
\UBCT@oldoddsidemargin=\skip43
\UBCT@oldevensidemargin=\skip44
\UBCT@oldtopmargin=\skip45
\UBCT@oldtopskip=\skip46
\UBCT@old@colht=\skip47
\UBCT@old@colroom=\skip48
\UBCT@oldvsize=\skip49
\UBCT@oldcolumnwidth=\skip50
\UBCT@oldhsize=\skip51
\UBCT@oldlinewidth=\skip52
\UBCT@oldparindent=\skip53
\UBCT@oldmarginparsep=\skip54
\UBCT@oldmarginparwidth=\skip55
\partbetweenskip=\skip56
\chapterbeforeskip=\skip57
\chapterbetweenskip=\skip58
\chapterafterskip=\skip59
\sectionindent=\skip60
\sectionbeforeskip=\skip61
\sectionafterskip=\skip62
\subsectionindent=\skip63
\subsectionbeforeskip=\skip64
\subsectionafterskip=\skip65
\subsubsectionindent=\skip66
\subsubsectionbeforeskip=\skip67
\subsubsectionafterskip=\skip68
\paragraphindent=\skip69
\paragraphbeforeskip=\skip70
\paragraphafterskip=\skip71
\subparagraphindent=\skip72
\subparagraphbeforeskip=\skip73
\subparagraphafterskip=\skip74
(/usr/share/texlive/texmf-dist/tex/latex/base/bk11.clo
File: bk11.clo 2014/09/29 v1.4h Standard LaTeX file (size option)
)
\headlinespace=\skip75
\titlemarginleft=\skip76
\titlemarginright=\skip77
\titlemargintop=\skip78
\titlemarginbottom=\skip79
\c@@oldsecnumdepth=\count81
\c@part=\count82
\c@chapter=\count83
\c@section=\count84
\c@subsection=\count85
\c@subsubsection=\count86
\c@paragraph=\count87
\c@subparagraph=\count88
\c@figure=\count89
\c@table=\count90
\abovecaptionskip=\skip80
\belowcaptionskip=\skip81
\bibindent=\dimen102
)
\@logocopywidth=\skip82
\@logocopyheight=\skip83
\@logowidth=\skip84
)
(/usr/share/texlive/texmf-dist/tex/latex/psnfss/mathptmx.sty
Package: mathptmx 2005/04/12 PSNFSS-v9.2a Times w/ Math, improved (SPQR, WaS) 
LaTeX Font Info:    Redeclaring symbol font `operators' on input line 28.
LaTeX Font Info:    Overwriting symbol font `operators' in version `normal'
(Font)                  OT1/cmr/m/n --> OT1/ztmcm/m/n on input line 28.
LaTeX Font Info:    Overwriting symbol font `operators' in version `bold'
(Font)                  OT1/cmr/bx/n --> OT1/ztmcm/m/n on input line 28.
LaTeX Font Info:    Redeclaring symbol font `letters' on input line 29.
LaTeX Font Info:    Overwriting symbol font `letters' in version `normal'
(Font)                  OML/cmm/m/it --> OML/ztmcm/m/it on input line 29.
LaTeX Font Info:    Overwriting symbol font `letters' in version `bold'
(Font)                  OML/cmm/b/it --> OML/ztmcm/m/it on input line 29.
LaTeX Font Info:    Redeclaring symbol font `symbols' on input line 30.
LaTeX Font Info:    Overwriting symbol font `symbols' in version `normal'
(Font)                  OMS/cmsy/m/n --> OMS/ztmcm/m/n on input line 30.
LaTeX Font Info:    Overwriting symbol font `symbols' in version `bold'
(Font)                  OMS/cmsy/b/n --> OMS/ztmcm/m/n on input line 30.
LaTeX Font Info:    Redeclaring symbol font `largesymbols' on input line 31.
LaTeX Font Info:    Overwriting symbol font `largesymbols' in version `normal'
(Font)                  OMX/cmex/m/n --> OMX/ztmcm/m/n on input line 31.
LaTeX Font Info:    Overwriting symbol font `largesymbols' in version `bold'
(Font)                  OMX/cmex/m/n --> OMX/ztmcm/m/n on input line 31.
\symbold=\mathgroup4
\symitalic=\mathgroup5
LaTeX Font Info:    Redeclaring math alphabet \mathbf on input line 34.
LaTeX Font Info:    Overwriting math alphabet `\mathbf' in version `normal'
(Font)                  OT1/cmr/bx/n --> OT1/ptm/bx/n on input line 34.
LaTeX Font Info:    Overwriting math alphabet `\mathbf' in version `bold'
(Font)                  OT1/cmr/bx/n --> OT1/ptm/bx/n on input line 34.
LaTeX Font Info:    Redeclaring math alphabet \mathit on input line 35.
LaTeX Font Info:    Overwriting math alphabet `\mathit' in version `normal'
(Font)                  OT1/cmr/m/it --> OT1/ptm/m/it on input line 35.
LaTeX Font Info:    Overwriting math alphabet `\mathit' in version `bold'
(Font)                  OT1/cmr/bx/it --> OT1/ptm/m/it on input line 35.
LaTeX Info: Redefining \hbar on input line 50.
)
(/usr/share/texlive/texmf-dist/tex/latex/psnfss/helvet.sty
Package: helvet 2005/04/12 PSNFSS-v9.2a (WaS) 

(/usr/share/texlive/texmf-dist/tex/latex/graphics/keyval.sty
Package: keyval 2014/10/28 v1.15 key=value parser (DPC)
\KV@toks@=\toks14
))
(/usr/share/texlive/texmf-dist/tex/latex/base/fontenc.sty
Package: fontenc 2005/09/27 v1.99g Standard LaTeX package

(/usr/share/texlive/texmf-dist/tex/latex/base/t1enc.def
File: t1enc.def 2005/09/27 v1.99g Standard LaTeX file
LaTeX Font Info:    Redeclaring font encoding T1 on input line 48.
))
(/usr/share/texlive/texmf-dist/tex/latex/base/inputenc.sty
Package: inputenc 2015/03/17 v1.2c Input encoding file
\inpenc@prehook=\toks15
\inpenc@posthook=\toks16

(/usr/share/texlive/texmf-dist/tex/latex/base/latin9.def
File: latin9.def 2015/03/17 v1.2c Input encoding file
))
(/usr/share/texlive/texmf-dist/tex/latex/geometry/geometry.sty
Package: geometry 2010/09/12 v5.6 Page Geometry

(/usr/share/texlive/texmf-dist/tex/generic/oberdiek/ifpdf.sty
Package: ifpdf 2011/01/30 v2.3 Provides the ifpdf switch (HO)
Package ifpdf Info: pdfTeX in PDF mode is detected.
)
(/usr/share/texlive/texmf-dist/tex/generic/oberdiek/ifvtex.sty
Package: ifvtex 2010/03/01 v1.5 Detect VTeX and its facilities (HO)
Package ifvtex Info: VTeX not detected.
)
(/usr/share/texlive/texmf-dist/tex/generic/ifxetex/ifxetex.sty
Package: ifxetex 2010/09/12 v0.6 Provides ifxetex conditional
)
\Gm@cnth=\count91
\Gm@cntv=\count92
\c@Gm@tempcnt=\count93
\Gm@bindingoffset=\dimen103
\Gm@wd@mp=\dimen104
\Gm@odd@mp=\dimen105
\Gm@even@mp=\dimen106
\Gm@layoutwidth=\dimen107
\Gm@layoutheight=\dimen108
\Gm@layouthoffset=\dimen109
\Gm@layoutvoffset=\dimen110
\Gm@dimlist=\toks17
)
(/usr/share/texlive/texmf-dist/tex/latex/graphics/color.sty
Package: color 2016/01/03 v1.1b Standard LaTeX Color (DPC)

(/usr/share/texlive/texmf-dist/tex/latex/latexconfig/color.cfg
File: color.cfg 2007/01/18 v1.5 color configuration of teTeX/TeXLive
)
Package color Info: Driver file: pdftex.def on input line 143.

(/usr/share/texlive/texmf-dist/tex/latex/pdftex-def/pdftex.def
File: pdftex.def 2011/05/27 v0.06d Graphics/color for pdfTeX

(/usr/share/texlive/texmf-dist/tex/generic/oberdiek/infwarerr.sty
Package: infwarerr 2010/04/08 v1.3 Providing info/warning/error messages (HO)
)
(/usr/share/texlive/texmf-dist/tex/generic/oberdiek/ltxcmds.sty
Package: ltxcmds 2011/11/09 v1.22 LaTeX kernel commands for general use (HO)
)
\Gread@gobject=\count94
))
(/usr/share/texlive/texmf-dist/tex/generic/babel/babel.sty
Package: babel 2016/02/24 3.9q The Babel package

(/usr/share/texlive/texmf-dist/tex/generic/babel-english/english.ldf
Language: english 2012/08/20 v3.3p English support from the babel system

(/usr/share/texlive/texmf-dist/tex/generic/babel/babel.def
File: babel.def 2016/02/24 3.9q Babel common definitions
\babel@savecnt=\count95
\U@D=\dimen111
)
\l@canadian = a dialect from \language\l@american 
\l@australian = a dialect from \language\l@british 
\l@newzealand = a dialect from \language\l@british 
))
(/usr/share/texlive/texmf-dist/tex/latex/prettyref/prettyref.sty
Package: prettyref 1998/07/09 v3.0
)
(/usr/share/texlive/texmf-dist/tex/latex/float/float.sty
Package: float 2001/11/08 v1.3d Float enhancements (AL)
\c@float@type=\count96
\float@exts=\toks18
\float@box=\box26
\@float@everytoks=\toks19
\@floatcapt=\box27
)
(/usr/share/texlive/texmf-dist/tex/latex/url/url.sty
\Urlmuskip=\muskip10
Package: url 2013/09/16  ver 3.4  Verb mode for urls, etc.
)
(/usr/share/texlive/texmf-dist/tex/latex/amsmath/amsmath.sty
Package: amsmath 2016/03/03 v2.15a AMS math features
\@mathmargin=\skip85

For additional information on amsmath, use the `?' option.
(/usr/share/texlive/texmf-dist/tex/latex/amsmath/amstext.sty
Package: amstext 2000/06/29 v2.01 AMS text

(/usr/share/texlive/texmf-dist/tex/latex/amsmath/amsgen.sty
File: amsgen.sty 1999/11/30 v2.0 generic functions
\@emptytoks=\toks20
\ex@=\dimen112
))
(/usr/share/texlive/texmf-dist/tex/latex/amsmath/amsbsy.sty
Package: amsbsy 1999/11/29 v1.2d Bold Symbols
\pmbraise@=\dimen113
)
(/usr/share/texlive/texmf-dist/tex/latex/amsmath/amsopn.sty
Package: amsopn 1999/12/14 v2.01 operator names
)
\inf@bad=\count97
LaTeX Info: Redefining \frac on input line 199.
\uproot@=\count98
\leftroot@=\count99
LaTeX Info: Redefining \overline on input line 297.
\classnum@=\count100
\DOTSCASE@=\count101
LaTeX Info: Redefining \ldots on input line 394.
LaTeX Info: Redefining \dots on input line 397.
LaTeX Info: Redefining \cdots on input line 518.
\Mathstrutbox@=\box28
\strutbox@=\box29
\big@size=\dimen114
LaTeX Font Info:    Redeclaring font encoding OML on input line 630.
LaTeX Font Info:    Redeclaring font encoding OMS on input line 631.
\macc@depth=\count102
\c@MaxMatrixCols=\count103
\dotsspace@=\muskip11
\c@parentequation=\count104
\dspbrk@lvl=\count105
\tag@help=\toks21
\row@=\count106
\column@=\count107
\maxfields@=\count108
\andhelp@=\toks22
\eqnshift@=\dimen115
\alignsep@=\dimen116
\tagshift@=\dimen117
\tagwidth@=\dimen118
\totwidth@=\dimen119
\lineht@=\dimen120
\@envbody=\toks23
\multlinegap=\skip86
\multlinetaggap=\skip87
\mathdisplay@stack=\toks24
LaTeX Info: Redefining \[ on input line 2735.
LaTeX Info: Redefining \] on input line 2736.
)
(/usr/share/texlive/texmf-dist/tex/latex/amscls/amsthm.sty
Package: amsthm 2015/03/04 v2.20.2
\thm@style=\toks25
\thm@bodyfont=\toks26
\thm@headfont=\toks27
\thm@notefont=\toks28
\thm@headpunct=\toks29
\thm@preskip=\skip88
\thm@postskip=\skip89
\thm@headsep=\skip90
\dth@everypar=\toks30
)
(/usr/share/texlive/texmf-dist/tex/latex/amsfonts/amssymb.sty
Package: amssymb 2013/01/14 v3.01 AMS font symbols

(/usr/share/texlive/texmf-dist/tex/latex/amsfonts/amsfonts.sty
Package: amsfonts 2013/01/14 v3.01 Basic AMSFonts support
\symAMSa=\mathgroup6
\symAMSb=\mathgroup7
LaTeX Font Info:    Overwriting math alphabet `\mathfrak' in version `bold'
(Font)                  U/euf/m/n --> U/euf/b/n on input line 106.
))
(/usr/share/texlive/texmf-dist/tex/latex/esint/esint.sty
Package: esint 
\symlargesymbolsA=\mathgroup8
)
(/usr/share/texlive/texmf-dist/tex/latex/natbib/natbib.sty
Package: natbib 2010/09/13 8.31b (PWD, AO)
\bibhang=\skip91
\bibsep=\skip92
LaTeX Info: Redefining \cite on input line 694.
\c@NAT@ctr=\count109
)
(/usr/share/texlive/texmf-dist/tex/latex/hyperref/hyperref.sty
Package: hyperref 2012/11/06 v6.83m Hypertext links for LaTeX

(/usr/share/texlive/texmf-dist/tex/generic/oberdiek/hobsub-hyperref.sty
Package: hobsub-hyperref 2012/05/28 v1.13 Bundle oberdiek, subset hyperref (HO)


(/usr/share/texlive/texmf-dist/tex/generic/oberdiek/hobsub-generic.sty
Package: hobsub-generic 2012/05/28 v1.13 Bundle oberdiek, subset generic (HO)
Package: hobsub 2012/05/28 v1.13 Construct package bundles (HO)
Package hobsub Info: Skipping package `infwarerr' (already loaded).
Package hobsub Info: Skipping package `ltxcmds' (already loaded).
Package: ifluatex 2010/03/01 v1.3 Provides the ifluatex switch (HO)
Package ifluatex Info: LuaTeX not detected.
Package hobsub Info: Skipping package `ifvtex' (already loaded).
Package: intcalc 2007/09/27 v1.1 Expandable calculations with integers (HO)
Package hobsub Info: Skipping package `ifpdf' (already loaded).
Package: etexcmds 2011/02/16 v1.5 Avoid name clashes with e-TeX commands (HO)
Package etexcmds Info: Could not find \expanded.
(etexcmds)             That can mean that you are not using pdfTeX 1.50 or
(etexcmds)             that some package has redefined \expanded.
(etexcmds)             In the latter case, load this package earlier.
Package: kvsetkeys 2012/04/25 v1.16 Key value parser (HO)
Package: kvdefinekeys 2011/04/07 v1.3 Define keys (HO)
Package: pdftexcmds 2011/11/29 v0.20 Utility functions of pdfTeX for LuaTeX (HO
)
Package pdftexcmds Info: LuaTeX not detected.
Package pdftexcmds Info: \pdf@primitive is available.
Package pdftexcmds Info: \pdf@ifprimitive is available.
Package pdftexcmds Info: \pdfdraftmode found.
Package: pdfescape 2011/11/25 v1.13 Implements pdfTeX's escape features (HO)
Package: bigintcalc 2012/04/08 v1.3 Expandable calculations on big integers (HO
)
Package: bitset 2011/01/30 v1.1 Handle bit-vector datatype (HO)
Package: uniquecounter 2011/01/30 v1.2 Provide unlimited unique counter (HO)
)
Package hobsub Info: Skipping package `hobsub' (already loaded).
Package: letltxmacro 2010/09/02 v1.4 Let assignment for LaTeX macros (HO)
Package: hopatch 2012/05/28 v1.2 Wrapper for package hooks (HO)
Package: xcolor-patch 2011/01/30 xcolor patch
Package: atveryend 2011/06/30 v1.8 Hooks at the very end of document (HO)
Package atveryend Info: \enddocument detected (standard20110627).
Package: atbegshi 2011/10/05 v1.16 At begin shipout hook (HO)
Package: refcount 2011/10/16 v3.4 Data extraction from label references (HO)
Package: hycolor 2011/01/30 v1.7 Color options for hyperref/bookmark (HO)
)
(/usr/share/texlive/texmf-dist/tex/latex/oberdiek/auxhook.sty
Package: auxhook 2011/03/04 v1.3 Hooks for auxiliary files (HO)
)
(/usr/share/texlive/texmf-dist/tex/latex/oberdiek/kvoptions.sty
Package: kvoptions 2011/06/30 v3.11 Key value format for package options (HO)
)
\@linkdim=\dimen121
\Hy@linkcounter=\count110
\Hy@pagecounter=\count111

(/usr/share/texlive/texmf-dist/tex/latex/hyperref/pd1enc.def
File: pd1enc.def 2012/11/06 v6.83m Hyperref: PDFDocEncoding definition (HO)
)
\Hy@SavedSpaceFactor=\count112

(/usr/share/texlive/texmf-dist/tex/latex/latexconfig/hyperref.cfg
File: hyperref.cfg 2002/06/06 v1.2 hyperref configuration of TeXLive
)
Package hyperref Info: Option `unicode' set `true' on input line 4319.

(/usr/share/texlive/texmf-dist/tex/latex/hyperref/puenc.def
File: puenc.def 2012/11/06 v6.83m Hyperref: PDF Unicode definition (HO)
)
Package hyperref Info: Option `pdfusetitle' set `true' on input line 4319.
Package hyperref Info: Option `bookmarks' set `true' on input line 4319.
Package hyperref Info: Option `bookmarksnumbered' set `false' on input line 431
9.
Package hyperref Info: Option `bookmarksopen' set `false' on input line 4319.
Package hyperref Info: Option `breaklinks' set `false' on input line 4319.
Package hyperref Info: Option `colorlinks' set `true' on input line 4319.
Package hyperref Info: Hyper figures OFF on input line 4443.
Package hyperref Info: Link nesting OFF on input line 4448.
Package hyperref Info: Hyper index ON on input line 4451.
Package hyperref Info: Plain pages OFF on input line 4458.
Package hyperref Info: Backreferencing ON on input line 4461.
Package hyperref Info: Implicit mode ON; LaTeX internals redefined.
Package hyperref Info: Bookmarks ON on input line 4688.

(/usr/share/texlive/texmf-dist/tex/latex/hyperref/backref.sty
Package: backref 2012/07/25 v1.38 Bibliographical back referencing

(/usr/share/texlive/texmf-dist/tex/latex/oberdiek/rerunfilecheck.sty
Package: rerunfilecheck 2011/04/15 v1.7 Rerun checks for auxiliary files (HO)
Package uniquecounter Info: New unique counter `rerunfilecheck' on input line 2
82.
))
\c@Hy@tempcnt=\count113
LaTeX Info: Redefining \url on input line 5041.
\XeTeXLinkMargin=\dimen122
\Fld@menulength=\count114
\Field@Width=\dimen123
\Fld@charsize=\dimen124
Package hyperref Info: Hyper figures OFF on input line 6295.
Package hyperref Info: Link nesting OFF on input line 6300.
Package hyperref Info: Hyper index ON on input line 6303.
Package hyperref Info: backreferencing ON on input line 6308.
Package hyperref Info: Link coloring ON on input line 6313.
Package hyperref Info: Link coloring with OCG OFF on input line 6320.
Package hyperref Info: PDF/A mode OFF on input line 6325.
LaTeX Info: Redefining \ref on input line 6365.
LaTeX Info: Redefining \pageref on input line 6369.
\Hy@abspage=\count115
\c@Item=\count116
\c@Hfootnote=\count117
)

Package hyperref Message: Driver (autodetected): hpdftex.

(/usr/share/texlive/texmf-dist/tex/latex/hyperref/hpdftex.def
File: hpdftex.def 2012/11/06 v6.83m Hyperref driver for pdfTeX
\Fld@listcount=\count118
\c@bookmark@seq@number=\count119
\Hy@SectionHShift=\skip93
)
(/usr/share/texlive/texmf-dist/tex/latex/cleveref/cleveref.sty
Package: cleveref 2013/12/28 v0.19 Intelligent cross-referencing
Package cleveref Info: `hyperref' support loaded on input line 2230.
LaTeX Info: Redefining \cref on input line 2230.
LaTeX Info: Redefining \Cref on input line 2230.
LaTeX Info: Redefining \crefrange on input line 2230.
LaTeX Info: Redefining \Crefrange on input line 2230.
LaTeX Info: Redefining \cpageref on input line 2230.
LaTeX Info: Redefining \Cpageref on input line 2230.
LaTeX Info: Redefining \cpagerefrange on input line 2230.
LaTeX Info: Redefining \Cpagerefrange on input line 2230.
LaTeX Info: Redefining \labelcref on input line 2230.
LaTeX Info: Redefining \labelcpageref on input line 2230.
Package cleveref Info: `amsthm' support loaded on input line 2858.
)
(/usr/share/texlive/texmf-dist/tex/latex/enumitem/enumitem.sty
Package: enumitem 2011/09/28 v3.5.2 Customized lists
\labelindent=\skip94
\enit@outerparindent=\dimen125
\enit@toks=\toks31
\enit@inbox=\box30
\enitdp@description=\count120
)
\lyxlabelwidth=\skip95

(/usr/share/texlive/texmf-dist/tex/latex/tools/afterpage.sty
Package: afterpage 2014/10/28 v1.08 After-Page Package (DPC)
\AP@output=\toks32
\AP@partial=\box31
\AP@footins=\box32
)
(/usr/share/texlive/texmf-dist/tex/latex/tools/longtable.sty
Package: longtable 2014/10/28 v4.11 Multi-page Table package (DPC)
\LTleft=\skip96
\LTright=\skip97
\LTpre=\skip98
\LTpost=\skip99
\LTchunksize=\count121
\LTcapwidth=\dimen126
\LT@head=\box33
\LT@firsthead=\box34
\LT@foot=\box35
\LT@lastfoot=\box36
\LT@cols=\count122
\LT@rows=\count123
\c@LT@tables=\count124
\c@LT@chunks=\count125
\LT@p@ftn=\toks33
)
(/usr/share/texlive/texmf-dist/tex/latex/graphics/graphicx.sty
Package: graphicx 2014/10/28 v1.0g Enhanced LaTeX Graphics (DPC,SPQR)

(/usr/share/texlive/texmf-dist/tex/latex/graphics/graphics.sty
Package: graphics 2016/01/03 v1.0q Standard LaTeX Graphics (DPC,SPQR)

(/usr/share/texlive/texmf-dist/tex/latex/graphics/trig.sty
Package: trig 2016/01/03 v1.10 sin cos tan (DPC)
)
(/usr/share/texlive/texmf-dist/tex/latex/latexconfig/graphics.cfg
File: graphics.cfg 2010/04/23 v1.9 graphics configuration of TeX Live
)
Package graphics Info: Driver file: pdftex.def on input line 95.
)
\Gin@req@height=\dimen127
\Gin@req@width=\dimen128
)
(/usr/share/texlive/texmf-dist/tex/latex/graphics/lscape.sty
Package: lscape 2000/10/22 v3.01 Landscape Pages (DPC)
)
(/usr/share/texlive/texmf-dist/tex/latex/psfrag/psfrag.sty
Package: psfrag 1998/04/11 v3.04 PSfrag (MCG)
\pfg@pcount=\count126
\pfg@scount=\count127
\pfg@temp=\write3
)
(/usr/share/texlive/texmf-dist/tex/latex/tools/multicol.sty
Package: multicol 2015/08/19 v1.8n multicolumn formatting (FMi)
\c@tracingmulticols=\count128
\mult@box=\box37
\multicol@leftmargin=\dimen129
\c@unbalance=\count129
\c@collectmore=\count130
\doublecol@number=\count131
\multicoltolerance=\count132
\multicolpretolerance=\count133
\full@width=\dimen130
\page@free=\dimen131
\premulticols=\dimen132
\postmulticols=\dimen133
\multicolsep=\skip100
\multicolbaselineskip=\skip101
\partial@page=\box38
\last@line=\box39
\maxbalancingoverflow=\dimen134
\mult@rightbox=\box40
\mult@grightbox=\box41
\mult@gfirstbox=\box42
\mult@firstbox=\box43
\@tempa=\box44
\@tempa=\box45
\@tempa=\box46
\@tempa=\box47
\@tempa=\box48
\@tempa=\box49
\@tempa=\box50
\@tempa=\box51
\@tempa=\box52
\@tempa=\box53
\@tempa=\box54
\@tempa=\box55
\@tempa=\box56
\@tempa=\box57
\@tempa=\box58
\@tempa=\box59
\@tempa=\box60
\c@columnbadness=\count134
\c@finalcolumnbadness=\count135
\last@try=\dimen135
\multicolovershoot=\dimen136
\multicolundershoot=\dimen137
\mult@nat@firstbox=\box61
\colbreak@box=\box62
\mc@col@check@num=\count136
)
(/usr/share/texlive/texmf-dist/tex/latex/subfig/subfig.sty
Package: subfig 2005/06/28 ver: 1.3 subfig package

(/usr/share/texlive/texmf-dist/tex/latex/caption/caption3.sty
Package: caption3 2016/02/04 v1.7-139 caption3 kernel (AR)
Package caption3 Info: TeX engine: e-TeX on input line 67.
\captionmargin=\dimen138
\captionmargin@=\dimen139
\captionwidth=\dimen140
\caption@tempdima=\dimen141
\caption@indent=\dimen142
\caption@parindent=\dimen143
\caption@hangindent=\dimen144
Package caption Info: Unknown document class (or package),
(caption)             standard defaults will be used.
)
\c@KVtest=\count137
\sf@farskip=\skip102
\sf@captopadj=\dimen145
\sf@capskip=\skip103
\sf@nearskip=\skip104
\c@subfigure=\count138
\c@subfigure@save=\count139
\c@lofdepth=\count140
\c@subtable=\count141
\c@subtable@save=\count142
\c@lotdepth=\count143
\sf@top=\skip105
\sf@bottom=\skip106
)

Package hyperref Warning: Option `hypertex' has already been used,
(hyperref)                setting the option has no effect on input line 86.

Package hyperref Info: Option `unicode' set `true' on input line 86.

Package hyperref Warning: Option `pdfusetitle' has already been used,
(hyperref)                setting the option has no effect on input line 86.


Package hyperref Warning: Option `bookmarks' has already been used,
(hyperref)                setting the option has no effect on input line 86.

Package hyperref Info: Option `bookmarksnumbered' set `false' on input line 86.

Package hyperref Info: Option `bookmarksopen' set `true' on input line 86.
Package hyperref Info: Option `breaklinks' set `true' on input line 86.

Package hyperref Warning: Option `backref' has already been used,
(hyperref)                setting the option has no effect on input line 86.

Package hyperref Info: Option `colorlinks' set `true' on input line 86.
\@float@every@Program=\toks34
\c@Program=\count144
(/usr/share/texlive/texmf-dist/tex/latex/nomencl/nomencl.sty
Package: nomencl 2005/09/22 v4.2 Nomenclature package (LN)
\nomlabelwidth=\dimen146
\nom@tempdim=\dimen147
\nomitemsep=\skip107
)
\@nomenclaturefile=\write4
\openout4 = `main.nlo'.


Writing nomenclature file main.nlo
(./main.aux (./Intro.aux) (./Preliminars.aux

LaTeX Warning: Label `fig:QD-Blockade' multiply defined.


LaTeX Warning: Label `fig:QD-Blockade@cref' multiply defined.


LaTeX Warning: Label `sub@fig:QD-Blockade' multiply defined.


LaTeX Warning: Label `logKondo' multiply defined.


LaTeX Warning: Label `logKondo@cref' multiply defined.

) (./Methods.aux) (./Majorana.aux) (./NResults.aux

LaTeX Warning: Label `fig:t1=t2' multiply defined.


LaTeX Warning: Label `fig:t1=t2@cref' multiply defined.


LaTeX Warning: Label `fig:t1>0' multiply defined.


LaTeX Warning: Label `fig:t1>0@cref' multiply defined.


LaTeX Warning: Label `fig:t2>0' multiply defined.


LaTeX Warning: Label `fig:t2>0@cref' multiply defined.


LaTeX Warning: Label `fig:t2>0' multiply defined.


LaTeX Warning: Label `fig:t2>0@cref' multiply defined.


LaTeX Warning: Label `fig:t2>0' multiply defined.


LaTeX Warning: Label `fig:t2>0@cref' multiply defined.


LaTeX Warning: Label `fig:t2>0' multiply defined.


LaTeX Warning: Label `fig:t2>0@cref' multiply defined.


LaTeX Warning: Label `fig:t2>0' multiply defined.


LaTeX Warning: Label `fig:t2>0@cref' multiply defined.


LaTeX Warning: Label `fig:Interference' multiply defined.


LaTeX Warning: Label `fig:Interference@cref' multiply defined.


LaTeX Warning: Label `fig:GenModel' multiply defined.


LaTeX Warning: Label `fig:GenModel@cref' multiply defined.


LaTeX Warning: Label `fig:2D/Shift_t1=t2' multiply defined.


LaTeX Warning: Label `fig:2D/Shift_t1=t2@cref' multiply defined.


LaTeX Warning: Label `fig:ed2/Fermi' multiply defined.


LaTeX Warning: Label `fig:ed2/Fermi@cref' multiply defined.

) (./Model.aux) (./Append_A.aux

LaTeX Warning: Label `eq:chain-Hamiltonian' multiply defined.


LaTeX Warning: Label `eq:chain-Hamiltonian@cref' multiply defined.

))
\openout1 = `main.aux'.

LaTeX Font Info:    Checking defaults for OML/cmm/m/it on input line 196.
LaTeX Font Info:    ... okay on input line 196.
LaTeX Font Info:    Checking defaults for T1/cmr/m/n on input line 196.
LaTeX Font Info:    ... okay on input line 196.
LaTeX Font Info:    Checking defaults for OT1/cmr/m/n on input line 196.
LaTeX Font Info:    ... okay on input line 196.
LaTeX Font Info:    Checking defaults for OMS/cmsy/m/n on input line 196.
LaTeX Font Info:    ... okay on input line 196.
LaTeX Font Info:    Checking defaults for OMX/cmex/m/n on input line 196.
LaTeX Font Info:    ... okay on input line 196.
LaTeX Font Info:    Checking defaults for U/cmr/m/n on input line 196.
LaTeX Font Info:    ... okay on input line 196.
LaTeX Font Info:    Checking defaults for PD1/pdf/m/n on input line 196.
LaTeX Font Info:    ... okay on input line 196.
LaTeX Font Info:    Checking defaults for PU/pdf/m/n on input line 196.
LaTeX Font Info:    ... okay on input line 196.
LaTeX Font Info:    Try loading font information for T1+ptm on input line 196.
 (/usr/share/texlive/texmf-dist/tex/latex/psnfss/t1ptm.fd
File: t1ptm.fd 2001/06/04 font definitions for T1/ptm.
)
*geometry* driver: auto-detecting
*geometry* detected driver: pdftex
*geometry* verbose mode - [ preamble ] result:
* driver: pdftex
* paper: <default>
* layout: <same size as paper>
* layoutoffset:(h,v)=(0.0pt,0.0pt)
* modes: 
* h-part:(L,W,R)=(99.58464pt, 415.12572pt, 99.58464pt)
* v-part:(T,H,B)=(95.39737pt, 556.47656pt, 143.09605pt)
* \paperwidth=614.295pt
* \paperheight=794.96999pt
* \textwidth=415.12572pt
* \textheight=556.47656pt
* \oddsidemargin=27.31465pt
* \evensidemargin=27.31465pt
* \topmargin=-8.74641pt
* \headheight=12.0pt
* \headsep=19.8738pt
* \topskip=11.0pt
* \footskip=27.46295pt
* \marginparwidth=62.0pt
* \marginparsep=7.0pt
* \columnsep=10.0pt
* \skip\footins=10.0pt plus 4.0pt minus 2.0pt
* \hoffset=0.0pt
* \voffset=0.0pt
* \mag=1000
* \@twocolumnfalse
* \@twosidefalse
* \@mparswitchfalse
* \@reversemarginfalse
* (1in=72.27pt=25.4mm, 1cm=28.453pt)

(/usr/share/texlive/texmf-dist/tex/context/base/supp-pdf.mkii
[Loading MPS to PDF converter (version 2006.09.02).]
\scratchcounter=\count145
\scratchdimen=\dimen148
\scratchbox=\box63
\nofMPsegments=\count146
\nofMParguments=\count147
\everyMPshowfont=\toks35
\MPscratchCnt=\count148
\MPscratchDim=\dimen149
\MPnumerator=\count149
\makeMPintoPDFobject=\count150
\everyMPtoPDFconversion=\toks36
)
\AtBeginShipoutBox=\box64
Package backref Info: ** backref set up for natbib ** on input line 196.
Package hyperref Info: Link coloring ON on input line 196.
 (/usr/share/texlive/texmf-dist/tex/latex/hyperref/nameref.sty
Package: nameref 2012/10/27 v2.43 Cross-referencing by name of section

(/usr/share/texlive/texmf-dist/tex/generic/oberdiek/gettitlestring.sty
Package: gettitlestring 2010/12/03 v1.4 Cleanup title references (HO)
)
\c@section@level=\count151
)
LaTeX Info: Redefining \ref on input line 196.
LaTeX Info: Redefining \pageref on input line 196.
LaTeX Info: Redefining \nameref on input line 196.

(./main.out) (./main.out)
\@outlinefile=\write5
\openout5 = `main.out'.


(/usr/share/texlive/texmf-dist/tex/latex/oberdiek/epstopdf-base.sty
Package: epstopdf-base 2010/02/09 v2.5 Base part for package epstopdf

(/usr/share/texlive/texmf-dist/tex/latex/oberdiek/grfext.sty
Package: grfext 2010/08/19 v1.1 Manage graphics extensions (HO)
)
Package grfext Info: Graphics extension search list:
(grfext)             [.png,.pdf,.jpg,.mps,.jpeg,.jbig2,.jb2,.PNG,.PDF,.JPG,.JPE
G,.JBIG2,.JB2,.eps]
(grfext)             \AppendGraphicsExtensions on input line 452.

(/usr/share/texlive/texmf-dist/tex/latex/latexconfig/epstopdf-sys.cfg
File: epstopdf-sys.cfg 2010/07/13 v1.3 Configuration of (r)epstopdf for TeX Liv
e
))
Package caption Info: Begin \AtBeginDocument code.
Package caption Info: subfig package v1.3 is loaded.
Package caption Info: End \AtBeginDocument code.
LaTeX Font Info:    Font shape `T1/ptm/bx/n' in size <20.74> not available
(Font)              Font shape `T1/ptm/b/n' tried instead on input line 199.
LaTeX Font Info:    Try loading font information for OMS+ptm on input line 199.


(/usr/share/texlive/texmf-dist/tex/latex/psnfss/omsptm.fd
File: omsptm.fd 
)
LaTeX Font Info:    Font shape `OMS/ptm/m/n' in size <10.95> not available
(Font)              Font shape `OMS/cmsy/m/n' tried instead on input line 199.
 [1
Non-PDF special ignored!



{/var/lib/texmf/fonts/map/pdftex/updmap/pdftex.map}]
Chapter 1.
LaTeX Font Info:    Font shape `T1/ptm/bx/n' in size <24.88> not available
(Font)              Font shape `T1/ptm/b/n' tried instead on input line 199.
LaTeX Font Info:    Font shape `T1/ptm/bx/n' in size <10.95> not available
(Font)              Font shape `T1/ptm/b/n' tried instead on input line 209.
[2


]
Chapter 2.
(./main.toc
Package cleveref Info: loaded `english' language definitions on input line 1.
LaTeX Font Info:    Try loading font information for OT1+ztmcm on input line 2.

 (/usr/share/texlive/texmf-dist/tex/latex/psnfss/ot1ztmcm.fd
File: ot1ztmcm.fd 2000/01/03 Fontinst v1.801 font definitions for OT1/ztmcm.
)
LaTeX Font Info:    Try loading font information for OML+ztmcm on input line 2.


(/usr/share/texlive/texmf-dist/tex/latex/psnfss/omlztmcm.fd
File: omlztmcm.fd 2000/01/03 Fontinst v1.801 font definitions for OML/ztmcm.
)
LaTeX Font Info:    Try loading font information for OMS+ztmcm on input line 2.


(/usr/share/texlive/texmf-dist/tex/latex/psnfss/omsztmcm.fd
File: omsztmcm.fd 2000/01/03 Fontinst v1.801 font definitions for OMS/ztmcm.
)
LaTeX Font Info:    Try loading font information for OMX+ztmcm on input line 2.


(/usr/share/texlive/texmf-dist/tex/latex/psnfss/omxztmcm.fd
File: omxztmcm.fd 2000/01/03 Fontinst v1.801 font definitions for OMX/ztmcm.
)
LaTeX Font Info:    Try loading font information for OT1+ptm on input line 2.

(/usr/share/texlive/texmf-dist/tex/latex/psnfss/ot1ptm.fd
File: ot1ptm.fd 2001/06/04 font definitions for OT1/ptm.
)
LaTeX Font Info:    Font shape `OT1/ptm/bx/n' in size <10.95> not available
(Font)              Font shape `OT1/ptm/b/n' tried instead on input line 2.
LaTeX Font Info:    Font shape `OT1/ptm/bx/n' in size <8> not available
(Font)              Font shape `OT1/ptm/b/n' tried instead on input line 2.
LaTeX Font Info:    Font shape `OT1/ptm/bx/n' in size <6> not available
(Font)              Font shape `OT1/ptm/b/n' tried instead on input line 2.
LaTeX Font Info:    Try loading font information for U+esint on input line 2.

(/usr/share/texlive/texmf-dist/tex/latex/esint/uesint.fd
File: uesint.fd 
) [3


]
LaTeX Font Info:    Font shape `T1/ptm/bx/n' in size <12> not available
(Font)              Font shape `T1/ptm/b/n' tried instead on input line 46.
)
\tf@toc=\write6
\openout6 = `main.toc'.


No file main.nls.
Package cleveref Info: loaded `english' language definitions on input line 230.

[4]
\openout2 = `Intro.aux'.

 (./Intro.tex
Chapter 3.

Underfull \hbox (badness 10000) in paragraph at lines 10--17

 []


Underfull \hbox (badness 10000) in paragraph at lines 18--27

 []


Underfull \hbox (badness 10000) in paragraph at lines 28--32

 []


Underfull \hbox (badness 10000) in paragraph at lines 33--34

 []

<IMAGES/Kondo-MajoranaCond.png, id=301, 771.88374pt x 587.19376pt>
File: IMAGES/Kondo-MajoranaCond.png Graphic file (type png)

<use IMAGES/Kondo-MajoranaCond.png>
Package pdftex.def Info: IMAGES/Kondo-MajoranaCond.png used on input line 37.
(pdftex.def)             Requested size: 308.74802pt x 234.87334pt.
 [5


]
Underfull \hbox (badness 10000) in paragraph at lines 54--68

 []


Underfull \hbox (badness 10000) in paragraph at lines 71--72

 []

Package cleveref Info: loaded `english' language definitions on input line 72.
[6 <./IMAGES/Kondo-MajoranaCond.png>]
LaTeX Font Info:    Font shape `T1/ptm/bx/n' in size <14.4> not available
(Font)              Font shape `T1/ptm/b/n' tried instead on input line 76.
)
Package cleveref Info: loaded `english' language definitions on input line 230.

 [7]
\openout2 = `Preliminars.aux'.

 (./Preliminars.tex
Chapter 4.
<IMAGES/Preliminars/VerticalQD.png, id=352, 558.085pt x 474.77374pt>
File: IMAGES/Preliminars/VerticalQD.png Graphic file (type png)

<use IMAGES/Preliminars/VerticalQD.png>
Package pdftex.def Info: IMAGES/Preliminars/VerticalQD.png used on input line 1
4.
(pdftex.def)             Requested size: 167.42679pt x 142.43321pt.

<IMAGES/Preliminars/QD-horizontal.png, id=353, 351.3125pt x 349.305pt>
File: IMAGES/Preliminars/QD-horizontal.png Graphic file (type png)

<use IMAGES/Preliminars/QD-horizontal.png>
Package pdftex.def Info: IMAGES/Preliminars/QD-horizontal.png used on input lin
e 15.
(pdftex.def)             Requested size: 140.5225pt x 139.71951pt.
 [8



 <./IMAGES/Preliminars/VerticalQD.png> <./IMAGES/Preliminars/QD-horizontal.png>
]
<IMAGES/Preliminars/specDot.png, id=371, 546.04pt x 171.039pt>
File: IMAGES/Preliminars/specDot.png Graphic file (type png)

<use IMAGES/Preliminars/specDot.png>
Package pdftex.def Info: IMAGES/Preliminars/specDot.png used on input line 30.
(pdftex.def)             Requested size: 273.01933pt x 85.51929pt.

<IMAGES/Preliminars/QD-Transport.png, id=372, 262.581pt x 187.902pt>
File: IMAGES/Preliminars/QD-Transport.png Graphic file (type png)

<use IMAGES/Preliminars/QD-Transport.png>
Package pdftex.def Info: IMAGES/Preliminars/QD-Transport.png used on input line
 39.
(pdftex.def)             Requested size: 183.80542pt x 131.53049pt.

<IMAGES/Preliminars/QD-Blockade.png, id=373, 783.92876pt x 548.0475pt>
File: IMAGES/Preliminars/QD-Blockade.png Graphic file (type png)

<use IMAGES/Preliminars/QD-Blockade.png>
Package pdftex.def Info: IMAGES/Preliminars/QD-Blockade.png used on input line 
40.
(pdftex.def)             Requested size: 235.18044pt x 164.41551pt.

Overfull \hbox (3.86014pt too wide) in paragraph at lines 39--41
 [][][][] 
 []

Package cleveref Info: loaded `english' language definitions on input line 98.
[9 <./IMAGES/Preliminars/specDot.png>]
Package cleveref Info: loaded `english' language definitions on input line 106.

 [10 <./IMAGES/Preliminars/QD-Transport.png> <./IMAGES/Preliminars/QD-Blockade.
png>]
Underfull \hbox (badness 10000) in paragraph at lines 132--133

 []

Package cleveref Info: loaded `english' language definitions on input line 153.

[11]
Package cleveref Info: loaded `english' language definitions on input line 216.

 [12]
Package cleveref Info: loaded `english' language definitions on input line 260.

 [13]
<IMAGES/Preliminars/KondoTemp.png, id=433, 264.23718pt x 261.97874pt>
File: IMAGES/Preliminars/KondoTemp.png Graphic file (type png)

<use IMAGES/Preliminars/KondoTemp.png>
Package pdftex.def Info: IMAGES/Preliminars/KondoTemp.png used on input line 27
3.
(pdftex.def)             Requested size: 184.96475pt x 183.38387pt.
File: IMAGES/Preliminars/QD-Blockade.png Graphic file (type png)

<use IMAGES/Preliminars/QD-Blockade.png>
Package pdftex.def Info: IMAGES/Preliminars/QD-Blockade.png used on input line 
274.
(pdftex.def)             Requested size: 235.18044pt x 164.41551pt.

Overfull \hbox (5.01947pt too wide) in paragraph at lines 273--275
 [][][][] 
 []

Package cleveref Info: loaded `english' language definitions on input line 290.

[14 <./IMAGES/Preliminars/KondoTemp.png (PNG copy)>]
Underfull \hbox (badness 10000) in paragraph at lines 302--304

 []

)
Package cleveref Info: loaded `english' language definitions on input line 231.

 [15]
\openout2 = `Methods.aux'.

 (./Methods.tex
Chapter 5.
[16



]
Underfull \hbox (badness 10000) in paragraph at lines 79--80

 []

Package cleveref Info: loaded `english' language definitions on input line 80.
[17]
Package cleveref Info: loaded `english' language definitions on input line 121.

 [18] <IMAGES/Graphs/DQD-Pro.png, id=494, 922.94812pt x 752.0597pt>
File: IMAGES/Graphs/DQD-Pro.png Graphic file (type png)

<use IMAGES/Graphs/DQD-Pro.png>
Package pdftex.def Info: IMAGES/Graphs/DQD-Pro.png used on input line 124.
(pdftex.def)             Requested size: 276.88657pt x 225.61964pt.
Package cleveref Info: loaded `english' language definitions on input line 146.

 [19 <./IMAGES/Graphs/DQD-Pro.png>]
Overfull \hbox (7.68066pt too wide) in paragraph at lines 175--175
[] 
 []

Package cleveref Info: loaded `english' language definitions on input line 193.

[20]
Package cleveref Info: loaded `english' language definitions on input line 272.

 [21] <IMAGES/DQD/Non-interacting.png, id=534, 867.24pt x 590.4459pt>
File: IMAGES/DQD/Non-interacting.png Graphic file (type png)

<use IMAGES/DQD/Non-interacting.png>
Package pdftex.def Info: IMAGES/DQD/Non-interacting.png used on input line 278.

(pdftex.def)             Requested size: 407.60286pt x 277.50961pt.
Package cleveref Info: loaded `english' language definitions on input line 287.

 [22 <./IMAGES/DQD/Non-interacting.png>]
<IMAGES/DQD/NRG-Final.png, id=546, 891.33pt x 514.5624pt>
File: IMAGES/DQD/NRG-Final.png Graphic file (type png)

<use IMAGES/DQD/NRG-Final.png>
Package pdftex.def Info: IMAGES/DQD/NRG-Final.png used on input line 334.
(pdftex.def)             Requested size: 401.0948pt x 231.55093pt.
LaTeX Font Info:    Font shape `OT1/ptm/bx/n' in size <9> not available
(Font)              Font shape `OT1/ptm/b/n' tried instead on input line 343.
LaTeX Font Info:    Font shape `OT1/ptm/bx/n' in size <7> not available
(Font)              Font shape `OT1/ptm/b/n' tried instead on input line 343.
LaTeX Font Info:    Font shape `OT1/ptm/bx/n' in size <5> not available
(Font)              Font shape `OT1/ptm/b/n' tried instead on input line 343.
Package cleveref Info: loaded `english' language definitions on input line 348.

 [23]
Package cleveref Info: loaded `english' language definitions on input line 365.

 [24 <./IMAGES/DQD/NRG-Final.png>]
<IMAGES/DQD/cutting.png, id=574, 501.875pt x 318.18875pt>
File: IMAGES/DQD/cutting.png Graphic file (type png)

<use IMAGES/DQD/cutting.png>
Package pdftex.def Info: IMAGES/DQD/cutting.png used on input line 394.
(pdftex.def)             Requested size: 250.93687pt x 159.09398pt.
Package cleveref Info: loaded `english' language definitions on input line 406.

 [25]
Package cleveref Info: loaded `english' language definitions on input line 417.

 [26 <./IMAGES/DQD/cutting.png (PNG copy)>]
Overfull \hbox (41.93752pt too wide) in paragraph at lines 483--485
[]\T1/ptm/m/n/10.95 Now ob-serve that hamil-to-nian [][]gob-ble 5.26[][][] al-r
eady has a di-ag-o-nal form in the base $[]$ 
 []

Package cleveref Info: loaded `english' language definitions on input line 530.

[27] <IMAGES/even.png, id=612, 462.528pt x 346.896pt>
File: IMAGES/even.png Graphic file (type png)
 <use IMAGES/even.png>
Package pdftex.def Info: IMAGES/even.png used on input line 645.
(pdftex.def)             Requested size: 231.26343pt x 173.44757pt.

<IMAGES/odd.png, id=613, 485.6544pt x 346.896pt>
File: IMAGES/odd.png Graphic file (type png)
 <use IMAGES/odd.png>
Package pdftex.def Info: IMAGES/odd.png used on input line 645.
(pdftex.def)             Requested size: 242.8266pt x 173.44757pt.

Overfull \hbox (58.96431pt too wide) in paragraph at lines 645--646
[][][][] 
 []

Package cleveref Info: loaded `english' language definitions on input line 660.

[28]
Package cleveref Info: loaded `english' language definitions on input line 673.

 [29 <./IMAGES/even.png> <./IMAGES/odd.png>]
! Extra \right.
\Vert ->\delimiter "026B30D 
                            
l.688 ...\langle j\vert d\vert q\rangle\right\Vert
                                                  $ is constantly rotating a...
I'm ignoring a \right that had no matching \left.

! Extra \right.
\Vert ->\delimiter "026B30D 
                            
l.688 ...\langle j\vert d\vert q\rangle\right\Vert
                                                  _N$ recursively starting f...
I'm ignoring a \right that had no matching \left.

! Extra \right.
\Vert ->\delimiter "026B30D 
                            
l.688 ...\langle j\vert d\vert q\rangle\right\Vert
                                                  _{N=0}$.
I'm ignoring a \right that had no matching \left.

! Double subscript.
l.693 ...{-\beta E_{j}}\vert j          \rangle_N_
                                                  {max} \langle j\vert, \lab...
I treat `x_1_2' essentially like `x_1{}_2'.

! Double subscript.
l.696 ...{max}$ pinpoints that $\vert j \rangle_N_
                                                  {max} \langle j\vert$ is a...
I treat `x_1_2' essentially like `x_1{}_2'.

! Missing delimiter (. inserted).
<to be read again> 
                   =
l.700 G_{d,d^{\dagger}}^{N_{max}}(t)\left =
                                            \text{Tr}\left(\hat{\rho}_{N_{ma...
I was expecting to see something like `(' or `\{' or
`\}' here. If you typed, e.g., `{' instead of `\{', you
should probably delete the `{' by typing `1' now, so that
braces don't get unbalanced. Otherwise just proceed.
Acceptable delimiters are characters whose \delcode is
nonnegative, or you can use `\delimiter <delimiter code>'.

! You can't use `\eqno' in math mode.
\endmathdisplay@a ...\df@tag \@empty \else \veqno 
                                                  \alt@tag \df@tag \fi \ifx ...
l.701 \end{equation}
                    
Sorry, but I'm not programmed to handle this case;
I'll just pretend that you didn't ask for it.
If you're in the wrong mode, you might be able to
return to the right one by typing `I}' or `I$' or `I\par'.

! Missing \right. inserted.
<inserted text> 
                \right .
l.701 \end{equation}
                    
I've inserted something that you may have forgotten.
(See the <inserted text> above.)
With luck, this will get me unwedged. But if you
really didn't forget anything, try typing `2' now; then
my insertion and my current dilemma will both disappear.

Package cleveref Info: loaded `english' language definitions on input line 701.

[30]
! Missing delimiter (. inserted).
<to be read again> 
                   $
l.702 ...ion $G_{d,d^{\dagger}}^{N_{max}}(t)\left$
                                                   we can obtain the density...
I was expecting to see something like `(' or `\{' or
`\}' here. If you typed, e.g., `{' instead of `\{', you
should probably delete the `{' by typing `1' now, so that
braces don't get unbalanced. Otherwise just proceed.
Acceptable delimiters are characters whose \delcode is
nonnegative, or you can use `\delimiter <delimiter code>'.

! Missing \right. inserted.
<inserted text> 
                \right .
l.702 ...ion $G_{d,d^{\dagger}}^{N_{max}}(t)\left$
                                                   we can obtain the density...
I've inserted something that you may have forgotten.
(See the <inserted text> above.)
With luck, this will get me unwedged. But if you
really didn't forget anything, try typing `2' now; then
my insertion and my current dilemma will both disappear.

<IMAGES/DQD/DMRGchain.png, id=651, 273.27094pt x 111.41624pt>
File: IMAGES/DQD/DMRGchain.png Graphic file (type png)

<use IMAGES/DQD/DMRGchain.png>
Package pdftex.def Info: IMAGES/DQD/DMRGchain.png used on input line 706.
(pdftex.def)             Requested size: 273.27025pt x 111.41597pt.

! Missing delimiter (. inserted).
<to be read again> 
                   =
l.726 G_{d,d^{\dagger}}^{N}(t)\left =
                                      \text{Tr}\left(\hat{\rho}_{N}\mathbb{T...
I was expecting to see something like `(' or `\{' or
`\}' here. If you typed, e.g., `{' instead of `\{', you
should probably delete the `{' by typing `1' now, so that
braces don't get unbalanced. Otherwise just proceed.
Acceptable delimiters are characters whose \delcode is
nonnegative, or you can use `\delimiter <delimiter code>'.

! You can't use `\eqno' in math mode.
\endmathdisplay@a ...\df@tag \@empty \else \veqno 
                                                  \alt@tag \df@tag \fi \ifx ...
l.727 \end{equation}
                    
Sorry, but I'm not programmed to handle this case;
I'll just pretend that you didn't ask for it.
If you're in the wrong mode, you might be able to
return to the right one by typing `I}' or `I$' or `I\par'.

! Missing \right. inserted.
<inserted text> 
                \right .
l.727 \end{equation}
                    
I've inserted something that you may have forgotten.
(See the <inserted text> above.)
With luck, this will get me unwedged. But if you
really didn't forget anything, try typing `2' now; then
my insertion and my current dilemma will both disappear.

Package cleveref Info: loaded `english' language definitions on input line 756.

[31 <./IMAGES/DQD/DMRGchain.png (PNG copy)>]
<IMAGES/NRG/NRGcode.png, id=666, 1026.7158pt x 748.7172pt>
File: IMAGES/NRG/NRGcode.png Graphic file (type png)

<use IMAGES/NRG/NRGcode.png>
Package pdftex.def Info: IMAGES/NRG/NRGcode.png used on input line 759.
(pdftex.def)             Requested size: 410.67905pt x 299.48157pt.
Package cleveref Info: loaded `english' language definitions on input line 766.

 [32 <./IMAGES/NRG/NRGcode.png>]
LaTeX Font Info:    Try loading font information for T1+cmtt on input line 771.


(/usr/share/texlive/texmf-dist/tex/latex/base/t1cmtt.fd
File: t1cmtt.fd 2014/09/29 v2.5h Standard LaTeX font definitions
)
<IMAGES/DQD/NRG-QD.png, id=680, 284.262pt x 212.795pt>
File: IMAGES/DQD/NRG-QD.png Graphic file (type png)

<use IMAGES/DQD/NRG-QD.png>
Package pdftex.def Info: IMAGES/DQD/NRG-QD.png used on input line 787.
(pdftex.def)             Requested size: 170.5585pt x 127.67796pt.

<IMAGES/DQD/NRG-DQD.png, id=681, 366.168pt x 274.626pt>
File: IMAGES/DQD/NRG-DQD.png Graphic file (type png)

<use IMAGES/DQD/NRG-DQD.png>
Package pdftex.def Info: IMAGES/DQD/NRG-DQD.png used on input line 788.
(pdftex.def)             Requested size: 164.77406pt x 123.58055pt.

<IMAGES/DQD/NRG-IndirectDQD.png, id=682, 382.228pt x 286.671pt>
File: IMAGES/DQD/NRG-IndirectDQD.png Graphic file (type png)

<use IMAGES/DQD/NRG-IndirectDQD.png>
Package pdftex.def Info: IMAGES/DQD/NRG-IndirectDQD.png used on input line 789.

(pdftex.def)             Requested size: 191.11353pt x 143.33514pt.
Package cleveref Info: loaded `english' language definitions on input line 804.

 [33]
Package cleveref Info: loaded `english' language definitions on input line 821.

 [34 <./IMAGES/DQD/NRG-QD.png> <./IMAGES/DQD/NRG-DQD.png> <./IMAGES/DQD/NRG-Ind
irectDQD.png>])
Package cleveref Info: loaded `english' language definitions on input line 232.

 [35]
\openout2 = `Majorana.aux'.

 (./Majorana.tex
Chapter 6.
[36



]

Package natbib Warning: Citation `plugge_majorana_2017' on page 37 undefined on
 input line 14.


LaTeX Warning: Reference `das_zero-bias_2012,deng_anomalous_2012,nadj-perge_obs
ervation_2014,deng_majorana_2016,zhang_quantized_2018' on page 37 undefined on 
input line 14.

Package cleveref Info: loaded `english' language definitions on input line 47.
[37] <IMAGES/Majorana/KitaevChain.png, id=752, 559.691pt x 169.433pt>
File: IMAGES/Majorana/KitaevChain.png Graphic file (type png)

<use IMAGES/Majorana/KitaevChain.png>
Package pdftex.def Info: IMAGES/Majorana/KitaevChain.png used on input line 70.

(pdftex.def)             Requested size: 279.8448pt x 84.71628pt.

Underfull \hbox (badness 10000) in paragraph at lines 82--83

 []

Package cleveref Info: loaded `english' language definitions on input line 83.
[38 <./IMAGES/Majorana/KitaevChain.png>]
<IMAGES/Majorana/Spectrum.png, id=768, 432.61626pt x 305.14pt>
File: IMAGES/Majorana/Spectrum.png Graphic file (type png)

<use IMAGES/Majorana/Spectrum.png>
Package pdftex.def Info: IMAGES/Majorana/Spectrum.png used on input line 88.
(pdftex.def)             Requested size: 281.19724pt x 198.33864pt.
Package cleveref Info: loaded `english' language definitions on input line 123.

 [39 <./IMAGES/Majorana/Spectrum.png>]
Underfull \hbox (badness 10000) in paragraph at lines 137--138

 []


Underfull \hbox (badness 10000) in paragraph at lines 139--140

 []

<IMAGES/Majorana/Topological.png, id=784, 518.738pt x 193.523pt>
File: IMAGES/Majorana/Topological.png Graphic file (type png)

<use IMAGES/Majorana/Topological.png>
Package pdftex.def Info: IMAGES/Majorana/Topological.png used on input line 153
.
(pdftex.def)             Requested size: 414.99097pt x 154.81859pt.

Underfull \hbox (badness 10000) in paragraph at lines 158--159

 []


Underfull \hbox (badness 10000) in paragraph at lines 160--161

 []


Underfull \hbox (badness 10000) in paragraph at lines 162--163

 []

Package cleveref Info: loaded `english' language definitions on input line 163.

[40]

LaTeX Warning: Reference `fig:sipin-orbit' on page 41 undefined on input line 1
87.

<IMAGES/Majorana/Mwire.png, id=793, 501.875pt x 195.73125pt>
File: IMAGES/Majorana/Mwire.png Graphic file (type png)

<use IMAGES/Majorana/Mwire.png>
Package pdftex.def Info: IMAGES/Majorana/Mwire.png used on input line 199.
(pdftex.def)             Requested size: 351.31009pt x 137.01093pt.

<IMAGES/Majorana/Exp.png, id=795, 405.515pt x 396.48125pt>
File: IMAGES/Majorana/Exp.png Graphic file (type png)

<use IMAGES/Majorana/Exp.png>
Package pdftex.def Info: IMAGES/Majorana/Exp.png used on input line 207.
(pdftex.def)             Requested size: 121.65543pt x 118.94528pt.

<IMAGES/Majorana/Exp2.png, id=796, 494.84875pt x 391.4625pt>
File: IMAGES/Majorana/Exp2.png Graphic file (type png)

<use IMAGES/Majorana/Exp2.png>
Package pdftex.def Info: IMAGES/Majorana/Exp2.png used on input line 208.
(pdftex.def)             Requested size: 148.45576pt x 117.43965pt.
Package cleveref Info: loaded `english' language definitions on input line 211.

 [41 <./IMAGES/Majorana/Topological.png>]

! Package inputenc Error: Keyboard character used is undefined
(inputenc)                in inputencoding `latin9'.

See the inputenc package documentation for explanation.
Type  H <return>  for immediate help.
 ...                                              
                                                  
l.221 \item Today
                   s precise experimental control over the QD parameters al...

You need to provide a definition with \DeclareInputText 
or \DeclareInputMath before using this key.


! Package inputenc Error: Keyboard character used is undefined
(inputenc)                in inputencoding `latin9'.

See the inputenc package documentation for explanation.
Type  H <return>  for immediate help.
 ...                                              
                                                  
l.221 \item Today
                    s precise experimental control over the QD parameters al...

You need to provide a definition with \DeclareInputText 
or \DeclareInputMath before using this key.

Package cleveref Info: loaded `english' language definitions on input line 222.

[42 <./IMAGES/Majorana/Mwire.png> <./IMAGES/Majorana/Exp.png> <./IMAGES/Majoran
a/Exp2.png>]
Overfull \hbox (18.37738pt too wide) detected at line 272
[]\OML/ztmcm/m/it/10.95 H \OT1/ztmcm/m/n/10.95 = [] [] \OML/ztmcm/m/it/10.95 d[
]d[] \OT1/ztmcm/m/n/10.95 + [](\OML/ztmcm/m/it/10.95 d[]d[] \OMS/ztmcm/m/n/10.9
5 ^^@ \OT1/ztmcm/m/n/10.95 1)[] + \OML/ztmcm/m/it/10.95 t[] [] \OT1/ztmcm/m/n/1
0.95 + \OML/ztmcm/m/it/10.95 Vd[]c[] \OT1/ztmcm/m/n/10.95 + \OML/ztmcm/m/it/10.
95 V[]c[]d[] \OT1/ztmcm/m/n/10.95 + \OML/ztmcm/m/it/10.95 ^^O[]f[]f[]:
 []

Package cleveref Info: loaded `english' language definitions on input line 272.

[43]
Underfull \hbox (badness 10000) in paragraph at lines 275--281

 []

<IMAGES/Graphs/Grenn-Majorana.png, id=854, 676.77844pt x 440.39531pt>
File: IMAGES/Graphs/Grenn-Majorana.png Graphic file (type png)

<use IMAGES/Graphs/Grenn-Majorana.png>
Package pdftex.def Info: IMAGES/Graphs/Grenn-Majorana.png used on input line 31
7.
(pdftex.def)             Requested size: 338.3884pt x 220.19711pt.
Package cleveref Info: loaded `english' language definitions on input line 319.

 [44]
<IMAGES/Majorana/M1.png, id=872, 290.686pt x 201.553pt>
File: IMAGES/Majorana/M1.png Graphic file (type png)

<use IMAGES/Majorana/M1.png>
Package pdftex.def Info: IMAGES/Majorana/M1.png used on input line 339.
(pdftex.def)             Requested size: 212.199pt x 147.13245pt.

<IMAGES/Majorana/M1-e1.png, id=873, 327.624pt x 195.129pt>
File: IMAGES/Majorana/M1-e1.png Graphic file (type png)

<use IMAGES/Majorana/M1-e1.png>
Package pdftex.def Info: IMAGES/Majorana/M1-e1.png used on input line 340.
(pdftex.def)             Requested size: 239.16351pt x 142.44298pt.

Overfull \hbox (36.2368pt too wide) in paragraph at lines 339--340
 [][][][] 
 []

<IMAGES/Majorana/M1-eM.png, id=874, 281.05pt x 172.645pt>
File: IMAGES/Majorana/M1-eM.png Graphic file (type png)

<use IMAGES/Majorana/M1-eM.png>
Package pdftex.def Info: IMAGES/Majorana/M1-eM.png used on input line 341.
(pdftex.def)             Requested size: 210.78697pt x 129.48341pt.
Package cleveref Info: loaded `english' language definitions on input line 348.

 [45 <./IMAGES/Graphs/Grenn-Majorana.png>]
Package cleveref Info: loaded `english' language definitions on input line 356.


[46 <./IMAGES/Majorana/M1.png> <./IMAGES/Majorana/M1-e1.png> <./IMAGES/Majorana
/M1-eM.png>] <IMAGES/Majorana/NRG.png, id=906, 242.506pt x 220.825pt>
File: IMAGES/Majorana/NRG.png Graphic file (type png)

<use IMAGES/Majorana/NRG.png>
Package pdftex.def Info: IMAGES/Majorana/NRG.png used on input line 372.
(pdftex.def)             Requested size: 169.75304pt x 154.57643pt.
LaTeX Font Info:    Font shape `T1/ptm/bx/n' in size <9> not available
(Font)              Font shape `T1/ptm/b/n' tried instead on input line 374.


Package natbib Warning: Citation `By the author.' on page 47 undefined on input
 line 374.


Package natbib Warning: Citation `By the author.' on page 47 undefined on input
 line 374.

)
Package cleveref Info: loaded `english' language definitions on input line 234.

 [47 <./IMAGES/Majorana/NRG.png>]
\openout2 = `NResults.aux'.

 (./NResults.tex
Chapter 7.
<IMAGES/GenModel.png, id=914, 543.4704pt x 390.9807pt>
File: IMAGES/GenModel.png Graphic file (type png)

<use IMAGES/GenModel.png>
Package pdftex.def Info: IMAGES/GenModel.png used on input line 5.
(pdftex.def)             Requested size: 217.3843pt x 156.3895pt.

! Argument of \caption@ has an extra }.
<inserted text> 
                \par 
l.6 ...model.\\ \protect \Source{ By the Author} }
                                                  
I've run across a `}' that doesn't seem to match anything.
For example, `\def\a#1{...}' and `\a}' would produce
this error. If you simply proceed now, the `\par' that
I've just inserted will cause me to report a runaway
argument that might be the root of the problem. But if
your `}' was spurious, just type `2' and it will go away.

Runaway argument?
\@captype {\def \reserved@a *{\nobreak \@xcentercr }\reserved@a }\def \ETC.
! Paragraph ended before \caption@ was complete.
<to be read again> 
                   \par 
l.6 ...model.\\ \protect \Source{ By the Author} }
                                                  
I suspect you've forgotten a `}', causing me to apply this
control sequence to too much text. How can we recover?
My plan is to forget the whole thing and hope for the best.


! Package inputenc Error: Keyboard character used is undefined
(inputenc)                in inputencoding `latin9'.

See the inputenc package documentation for explanation.
Type  H <return>  for immediate help.
 ...                                              
                                                  
l.10 ...in insight  of this method is that today
                                                  s precise experimental co...

You need to provide a definition with \DeclareInputText 
or \DeclareInputMath before using this key.


! Package inputenc Error: Keyboard character used is undefined
(inputenc)                in inputencoding `latin9'.

See the inputenc package documentation for explanation.
Type  H <return>  for immediate help.
 ...                                              
                                                  
l.10 ...n insight  of this method is that today
                                                  s precise experimental con...

You need to provide a definition with \DeclareInputText 
or \DeclareInputMath before using this key.


LaTeX Warning: Reference `fig:Models' on page 48 undefined on input line 37.

[48



 <./IMAGES/GenModel.png>]

LaTeX Warning: Reference `sec:' on page 49 undefined on input line 42.

<IMAGES/Graphs/FinalGraph.png, id=930, 849.92531pt x 702.37407pt>
File: IMAGES/Graphs/FinalGraph.png Graphic file (type png)

<use IMAGES/Graphs/FinalGraph.png>
Package pdftex.def Info: IMAGES/Graphs/FinalGraph.png used on input line 87.
(pdftex.def)             Requested size: 339.9641pt x 280.94466pt.
Package cleveref Info: loaded `english' language definitions on input line 103.

 [49]
Package cleveref Info: loaded `english' language definitions on input line 114.

 [50 <./IMAGES/Graphs/FinalGraph.png>]

LaTeX Warning: Reference `eq:H_MDQD' on page 51 undefined on input line 124.

<IMAGES/DQD-M/3Model.png, id=959, 479.391pt x 180.675pt>
File: IMAGES/DQD-M/3Model.png Graphic file (type png)

<use IMAGES/DQD-M/3Model.png>
Package pdftex.def Info: IMAGES/DQD-M/3Model.png used on input line 141.
(pdftex.def)             Requested size: 335.57141pt x 126.47162pt.
Package cleveref Info: loaded `english' language definitions on input line 148.

 [51]
<IMAGES/GreenResults/t1=t2.png, id=967, 904.20888pt x 590.3903pt>
File: IMAGES/GreenResults/t1=t2.png Graphic file (type png)

<use IMAGES/GreenResults/t1=t2.png>
Package pdftex.def Info: IMAGES/GreenResults/t1=t2.png used on input line 159.
(pdftex.def)             Requested size: 325.51494pt x 212.54034pt.
Package cleveref Info: loaded `english' language definitions on input line 167.

 [52 <./IMAGES/DQD-M/3Model.png>]
Package cleveref Info: loaded `english' language definitions on input line 175.

 [53 <./IMAGES/GreenResults/t1=t2.png>]
<IMAGES/GreenResults/t1>0.png, id=993, 867.24pt x 590.3903pt>
File: IMAGES/GreenResults/t1>0.png Graphic file (type png)

<use IMAGES/GreenResults/t1>0.png>
Package pdftex.def Info: IMAGES/GreenResults/t1>0.png used on input line 180.
(pdftex.def)             Requested size: 312.20616pt x 212.54034pt.
Package cleveref Info: loaded `english' language definitions on input line 190.

 [54 <./IMAGES/GreenResults/t1>0.png>]
<IMAGES/GreenResults/t2>0.png, id=1007, 867.24pt x 590.3903pt>
File: IMAGES/GreenResults/t2>0.png Graphic file (type png)

<use IMAGES/GreenResults/t2>0.png>
Package pdftex.def Info: IMAGES/GreenResults/t2>0.png used on input line 194.
(pdftex.def)             Requested size: 390.2544pt x 265.67317pt.


LaTeX Warning: Reference `eq:H_DQD' on page 55 undefined on input line 241.

Package cleveref Info: loaded `english' language definitions on input line 242.

[55 <./IMAGES/GreenResults/t2>0.png>]
<IMAGES/NRG/DQDM.png, id=1029, 505.89pt x 361.35pt>
File: IMAGES/NRG/DQDM.png Graphic file (type png)
 <use IMAGES/NRG/DQDM.png>
Package pdftex.def Info: IMAGES/NRG/DQDM.png used on input line 252.
(pdftex.def)             Requested size: 227.64839pt x 162.60599pt.

<IMAGES/NRG/t1=t2.png, id=1030, 630.9171pt x 453.1329pt>
File: IMAGES/NRG/t1=t2.png Graphic file (type png)

<use IMAGES/NRG/t1=t2.png>
Package pdftex.def Info: IMAGES/NRG/t1=t2.png used on input line 265.
(pdftex.def)             Requested size: 315.45778pt x 226.56589pt.

<IMAGES/NRG/Msig.png, id=1038, 614.295pt x 274.626pt>
File: IMAGES/NRG/Msig.png Graphic file (type png)

<use IMAGES/NRG/Msig.png>
Package pdftex.def Info: IMAGES/NRG/Msig.png used on input line 277.
(pdftex.def)             Requested size: 368.57983pt x 164.77686pt.
Package cleveref Info: loaded `english' language definitions on input line 280.

 [56 <./IMAGES/NRG/DQDM.png>]
Package cleveref Info: loaded `english' language definitions on input line 284.

 [57 <./IMAGES/NRG/t1=t2.png> <./IMAGES/NRG/Msig.png>]
<IMAGES/NRG/t1>0.png, id=1060, 665.6067pt x 433.62pt>
File: IMAGES/NRG/t1>0.png Graphic file (type png)

<use IMAGES/NRG/t1>0.png>
Package pdftex.def Info: IMAGES/NRG/t1>0.png used on input line 297.
(pdftex.def)             Requested size: 299.52025pt x 195.1272pt.
 <IMAGES/NRG/t2>0.png, id=1069, 686.565pt x 433.62pt>
File: IMAGES/NRG/t2>0.png Graphic file (type png)

<use IMAGES/NRG/t2>0.png>
Package pdftex.def Info: IMAGES/NRG/t2>0.png used on input line 322.
(pdftex.def)             Requested size: 308.95139pt x 195.1272pt.
Package cleveref Info: loaded `english' language definitions on input line 328.

 [58 <./IMAGES/NRG/t1>0.png>]
<IMAGES/Graphs/Majorana_Old_Models.png, id=1082, 1010.174pt x 730.73pt>
File: IMAGES/Graphs/Majorana_Old_Models.png Graphic file (type png)

<use IMAGES/Graphs/Majorana_Old_Models.png>
Package pdftex.def Info: IMAGES/Graphs/Majorana_Old_Models.png used on input li
ne 333.
(pdftex.def)             Requested size: 454.5741pt x 328.82545pt.

Overfull \hbox (39.44838pt too wide) in paragraph at lines 333--335
 [] 
 []

<IMAGES/t1=t2/2D.png, id=1083, 1038.5199pt x 695.2374pt>
File: IMAGES/t1=t2/2D.png Graphic file (type png)

<use IMAGES/t1=t2/2D.png>
Package pdftex.def Info: IMAGES/t1=t2/2D.png used on input line 350.
(pdftex.def)             Requested size: 363.48741pt x 243.33673pt.
File: IMAGES/NRG/t1=t2.png Graphic file (type png)
 <use IMAGES/NRG/t1=t2.png>
Package pdftex.def Info: IMAGES/NRG/t1=t2.png used on input line 359.
(pdftex.def)             Requested size: 283.91006pt x 203.90791pt.


LaTeX Warning: Reference `fig:Models' on page 59 undefined on input line 361.


LaTeX Warning: Reference `fig:Models' on page 59 undefined on input line 361.

File: IMAGES/NRG/t1>0.png Graphic file (type png)
<use IMAGES/NRG/t1>0.png>
Package pdftex.def Info: IMAGES/NRG/t1>0.png used on input line 372.
(pdftex.def)             Requested size: 299.52025pt x 195.1272pt.


LaTeX Warning: Reference `fig:Models' on page 59 undefined on input line 374.


LaTeX Warning: Reference `fig:Models' on page 59 undefined on input line 374.

File: IMAGES/NRG/t2>0.png Graphic file (type png)
<use IMAGES/NRG/t2>0.png>
Package pdftex.def Info: IMAGES/NRG/t2>0.png used on input line 386.
(pdftex.def)             Requested size: 308.95139pt x 195.1272pt.


LaTeX Warning: Reference `fig:Models' on page 59 undefined on input line 388.


LaTeX Warning: Reference `fig:Models' on page 59 undefined on input line 388.


LaTeX Warning: File `Graficos/t2=0.png' not found on input line 401.


! Package pdftex.def Error: File `Graficos/t2=0.png' not found.

See the pdftex.def package documentation for explanation.
Type  H <return>  for immediate help.
 ...                                              
                                                  
l.401 ...degraphics[scale=0.48]{Graficos/t2=0.png}
                                                  
Using draft setting for this image.
Try typing  <return>  to proceed.
If that doesn't work, type  X <return>  to quit.


LaTeX Warning: File `Graficos/t2=0.png' not found on input line 413.


! Package pdftex.def Error: File `Graficos/t2=0.png' not found.

See the pdftex.def package documentation for explanation.
Type  H <return>  for immediate help.
 ...                                              
                                                  
l.413 ...degraphics[scale=0.48]{Graficos/t2=0.png}
                                                  
Using draft setting for this image.
Try typing  <return>  to proceed.
If that doesn't work, type  X <return>  to quit.

Package cleveref Info: loaded `english' language definitions on input line 425.

[59 <./IMAGES/NRG/t2>0.png>]
Package cleveref Info: loaded `english' language definitions on input line 425.

 [60 <./IMAGES/Graphs/Majorana_Old_Models.png>]
<IMAGES/DQD-M/a).png, id=1100, 938.0646pt x 361.35pt>
File: IMAGES/DQD-M/a).png Graphic file (type png)

<use IMAGES/DQD-M/a).png>
Package pdftex.def Info: IMAGES/DQD-M/a).png used on input line 434.
(pdftex.def)             Requested size: 328.32753pt x 126.4744pt.

<IMAGES/DQD-M/a)-NRG.png, id=1101, 1156.32pt x 590.4459pt>
File: IMAGES/DQD-M/a)-NRG.png Graphic file (type png)

<use IMAGES/DQD-M/a)-NRG.png>
Package pdftex.def Info: IMAGES/DQD-M/a)-NRG.png used on input line 440.
(pdftex.def)             Requested size: 404.71806pt x 206.65915pt.
Package cleveref Info: loaded `english' language definitions on input line 443.

 [61 <./IMAGES/t1=t2/2D.png> <./IMAGES/DQD-M/a).png>] <IMAGES/DQD-M/b).png, id=
1111, 1008.1665pt x 361.35pt>
File: IMAGES/DQD-M/b).png Graphic file (type png)

<use IMAGES/DQD-M/b).png>
Package pdftex.def Info: IMAGES/DQD-M/b).png used on input line 449.
(pdftex.def)             Requested size: 352.86356pt x 126.4744pt.
Package cleveref Info: loaded `english' language definitions on input line 452.

 [62 <./IMAGES/DQD-M/a)-NRG.png>]
<IMAGES/DQD-M/b)-NRG.png, id=1119, 1156.32pt x 590.4459pt>
File: IMAGES/DQD-M/b)-NRG.png Graphic file (type png)

<use IMAGES/DQD-M/b)-NRG.png>
Package pdftex.def Info: IMAGES/DQD-M/b)-NRG.png used on input line 455.
(pdftex.def)             Requested size: 404.71806pt x 206.65915pt.
Package cleveref Info: loaded `english' language definitions on input line 458.

 [63 <./IMAGES/DQD-M/b).png>]
Overfull \vbox (96.22752pt too high) has occurred while \output is active []

Package cleveref Info: loaded `english' language definitions on input line 458.


[64 <./IMAGES/DQD-M/b)-NRG.png>]
LaTeX Font Info:    Font shape `OT1/ptm/bx/n' in size <12> not available
(Font)              Font shape `OT1/ptm/b/n' tried instead on input line 467.
File: IMAGES/t1=t2/2D.png Graphic file (type png)
 <use IMAGES/t1=t2/2D.png>
Package pdftex.def Info: IMAGES/t1=t2/2D.png used on input line 476.
(pdftex.def)             Requested size: 363.48741pt x 243.33673pt.

Overfull \hbox (2.69377pt too wide) in paragraph at lines 482--483
[]\T1/ptm/m/n/10.95 Consider that we are at-tach-ing the MZM to both Quan-tum D
ots sym-met-ri-cally [][]Fig-ure 7.3[][][].(a).
 []


Underfull \hbox (badness 10000) in paragraph at lines 482--483

 []

Package cleveref Info: loaded `english' language definitions on input line 483.

[65] <IMAGES/t1=t2/LogPlot.png, id=1142, 604.8999pt x 433.62pt>
File: IMAGES/t1=t2/LogPlot.png Graphic file (type png)

<use IMAGES/t1=t2/LogPlot.png>
Package pdftex.def Info: IMAGES/t1=t2/LogPlot.png used on input line 486.
(pdftex.def)             Requested size: 211.71814pt x 151.76927pt.

Underfull \hbox (badness 10000) in paragraph at lines 490--491

 []

Package cleveref Info: loaded `english' language definitions on input line 498.

[66 <./IMAGES/t1=t2/LogPlot.png>]

Package hyperref Warning: Token not allowed in a PDF string (Unicode):
(hyperref)                removing `math shift' on input line 527.


Package hyperref Warning: Token not allowed in a PDF string (Unicode):
(hyperref)                removing `\epsilon' on input line 527.


Package hyperref Warning: Token not allowed in a PDF string (Unicode):
(hyperref)                removing `subscript' on input line 527.


Package hyperref Warning: Token not allowed in a PDF string (Unicode):
(hyperref)                removing `math shift' on input line 527.

<IMAGES/ed2/2D.png, id=1159, 1156.32pt x 590.205pt>
File: IMAGES/ed2/2D.png Graphic file (type png)
 <use IMAGES/ed2/2D.png>
Package pdftex.def Info: IMAGES/ed2/2D.png used on input line 539.
(pdftex.def)             Requested size: 404.71806pt x 206.57484pt.

<IMAGES/ed2/Fermi.png, id=1160, 697.4055pt x 487.8225pt>
File: IMAGES/ed2/Fermi.png Graphic file (type png)

<use IMAGES/ed2/Fermi.png>
Package pdftex.def Info: IMAGES/ed2/Fermi.png used on input line 546.
(pdftex.def)             Requested size: 209.22325pt x 146.34787pt.
Package cleveref Info: loaded `english' language definitions on input line 550.

 [67 <./IMAGES/ed2/2D.png>]
Underfull \hbox (badness 10000) in paragraph at lines 556--557

 []

Package cleveref Info: loaded `english' language definitions on input line 559.

[68 <./IMAGES/ed2/Fermi.png>]
LaTeX Font Info:    Font shape `OT1/ptm/bx/n' in size <14.4> not available
(Font)              Font shape `OT1/ptm/b/n' tried instead on input line 564.


Package hyperref Warning: Token not allowed in a PDF string (Unicode):
(hyperref)                removing `math shift' on input line 564.


Package hyperref Warning: Token not allowed in a PDF string (Unicode):
(hyperref)                removing `\epsilon' on input line 564.


Package hyperref Warning: Token not allowed in a PDF string (Unicode):
(hyperref)                removing `subscript' on input line 564.


Package hyperref Warning: Token not allowed in a PDF string (Unicode):
(hyperref)                removing `\begingroup' on input line 564.


Package hyperref Warning: Token not allowed in a PDF string (Unicode):
(hyperref)                removing `\endgroup' on input line 564.


Package hyperref Warning: Token not allowed in a PDF string (Unicode):
(hyperref)                removing `\@@over' on input line 564.


Package hyperref Warning: Token not allowed in a PDF string (Unicode):
(hyperref)                removing `math shift' on input line 564.


LaTeX Warning: File `Plots/Model/Majorana-2QD.eps' not found on input line 568.


Package epstopdf Info: Source file: <Plots/Model/Majorana-2QD.eps>
(epstopdf)             Output file: <Plots/Model/Majorana-2QD-eps-converted-to.
pdf>
(epstopdf)             Command: <repstopdf --outfile=Plots/Model/Majorana-2QD-e
ps-converted-to.pdf Plots/Model/Majorana-2QD.eps>
(epstopdf)             \includegraphics on input line 568.
Package epstopdf Info: Output file is already uptodate.

! Package pdftex.def Error: File `Plots/Model/Majorana-2QD-eps-converted-to.pdf
' not found.

See the pdftex.def package documentation for explanation.
Type  H <return>  for immediate help.
 ...                                              
                                                  
l.568 ...[scale=0.2]{Plots/Model/Majorana-2QD.eps}
                                                  
Using draft setting for this image.
Try typing  <return>  to proceed.
If that doesn't work, type  X <return>  to quit.


LaTeX Warning: File `Plots/DOS/PHS-Shift_e2.png' not found on input line 574.


! Package pdftex.def Error: File `Plots/DOS/PHS-Shift_e2.png' not found.

See the pdftex.def package documentation for explanation.
Type  H <return>  for immediate help.
 ...                                              
                                                  
l.574 ...s[scale=0.38]{Plots/DOS/PHS-Shift_e2.png}
                                                  
Using draft setting for this image.
Try typing  <return>  to proceed.
If that doesn't work, type  X <return>  to quit.


Package hyperref Warning: Token not allowed in a PDF string (Unicode):
(hyperref)                removing `math shift' on input line 587.


Package hyperref Warning: Token not allowed in a PDF string (Unicode):
(hyperref)                removing `subscript' on input line 587.


Package hyperref Warning: Token not allowed in a PDF string (Unicode):
(hyperref)                removing `math shift' on input line 587.


LaTeX Warning: File `Plots/Model/Majorana-1QD.eps' not found on input line 594.


Package epstopdf Info: Source file: <Plots/Model/Majorana-1QD.eps>
(epstopdf)             Output file: <Plots/Model/Majorana-1QD-eps-converted-to.
pdf>
(epstopdf)             Command: <repstopdf --outfile=Plots/Model/Majorana-1QD-e
ps-converted-to.pdf Plots/Model/Majorana-1QD.eps>
(epstopdf)             \includegraphics on input line 594.
Package epstopdf Info: Output file is already uptodate.

! Package pdftex.def Error: File `Plots/Model/Majorana-1QD-eps-converted-to.pdf
' not found.

See the pdftex.def package documentation for explanation.
Type  H <return>  for immediate help.
 ...                                              
                                                  
l.594 ...[scale=0.2]{Plots/Model/Majorana-1QD.eps}
                                                  
Using draft setting for this image.
Try typing  <return>  to proceed.
If that doesn't work, type  X <return>  to quit.


LaTeX Warning: File `Plots/2D/Shift_t2D1.png' not found on input line 602.


! Package pdftex.def Error: File `Plots/2D/Shift_t2D1.png' not found.

See the pdftex.def package documentation for explanation.
Type  H <return>  for immediate help.
 ...                                              
                                                  
l.602 ...hics[scale=0.38]{Plots/2D/Shift_t2D1.png}
                                                  
Using draft setting for this image.
Try typing  <return>  to proceed.
If that doesn't work, type  X <return>  to quit.


LaTeX Warning: Reference `fig:MSig/Shift_t2' on page 69 undefined on input line
 620.

)
Package cleveref Info: loaded `english' language definitions on input line 235.

 [69]
Package cleveref Info: loaded `english' language definitions on input line 235.

 [70]
\openout2 = `Model.aux'.


No file Model.tex.
(./main.bbl (./main.brf)
\tf@brf=\write7
\openout7 = `main.brf'.

 [71




]
Package cleveref Info: loaded `english' language definitions on input line 168.

 [72]
Underfull \hbox (badness 3271) in paragraph at lines 217--217
\T1/ptm/m/it/10.95 So-viet Physics Us-pekhi\T1/ptm/m/n/10.95 , 3(3):320, 1960. 
 ISSN 0038-5670.  doi: $10 . 1070 /
 []


! LaTeX Error: Command \texteuro unavailable in encoding T1.

See the LaTeX manual or LaTeX Companion for explanation.
Type  H <return>  for immediate help.
 ...                                              
                                                  
l.251 
      
Your command was ignored.
Type  I <command> <return>  to replace it with another command,
or  <return>  to continue without it.

Package cleveref Info: loaded `english' language definitions on input line 251.

[73]
Package cleveref Info: loaded `english' language definitions on input line 339.

 [74]
Runaway argument?
 Stephan Plugge, Asbjrn Rasmussen, Reinhold Egger, and Karsten Flen\ETC.
! Paragraph ended before \BR@@lbibitem was complete.
<to be read again> 
                   \par 
l.357 
      
I suspect you've forgotten a `}', causing me to apply this
control sequence to too much text. How can we recover?
My plan is to forget the whole thing and hope for the best.


! Package inputenc Error: Keyboard character used is undefined
(inputenc)                in inputencoding `latin9'.

See the inputenc package documentation for explanation.
Type  H <return>  for immediate help.
 ...                                              
                                                  
l.413 
      
You need to provide a definition with \DeclareInputText 
or \DeclareInputMath before using this key.

) [75]
\openout2 = `Append_A.aux'.

 (./Append_A.tex
Appendix A.
[76



]

LaTeX Warning: Reference `FigDiscretization' on page 77 undefined on input line
 48.

Package cleveref Info: loaded `english' language definitions on input line 95.
[77]
Overfull \hbox (28.6966pt too wide) in alignment at lines 100--106
 [][][] []
 []


Underfull \hbox (badness 10000) in paragraph at lines 116--121

 []

Package cleveref Info: loaded `english' language definitions on input line 131.

[78]

LaTeX Warning: Reference `FigNRG-chain' on page 79 undefined on input line 144.


Package cleveref Info: loaded `english' language definitions on input line 182.

[79]

LaTeX Warning: Reference `FigNRG-chain' on page 80 undefined on input line 187.


Package cleveref Info: loaded `english' language definitions on input line 203.

[80]
Appendix B.
[81

]

LaTeX Warning: Reference `fig:ExchangeMod' on page 82 undefined on input line 2
57.


LaTeX Warning: Reference `fig:MSig/Shift_t1=t2' on page 82 undefined on input l
ine 277.

Package cleveref Info: loaded `english' language definitions on input line 310.

[82]
Overfull \hbox (17.05872pt too wide) detected at line 326
[] []
 []


Overfull \hbox (17.05872pt too wide) detected at line 344
[] []
 []

)
Package cleveref Info: loaded `english' language definitions on input line 245.

 [83]

Package natbib Warning: There were undefined citations.

Package atveryend Info: Empty hook `BeforeClearDocument' on input line 249.
Package atveryend Info: Empty hook `AfterLastShipout' on input line 249.
(./main.aux
Package cleveref Info: loaded `english' language definitions on input line 19.
 (./Intro.aux) (./Preliminars.aux) (./Methods.aux) (./Majorana.aux)
(./NResults.aux) (./Model.aux) (./Append_A.aux))
Package atveryend Info: Executing hook `AtVeryEndDocument' on input line 249.
Package atveryend Info: Executing hook `AtEndAfterFileList' on input line 249.
Package rerunfilecheck Info: File `main.out' has not changed.
(rerunfilecheck)             Checksum: 927D63B621C0EE636EC27661CA0F82CA;10557.
Package rerunfilecheck Info: File `main.brf' has not changed.
(rerunfilecheck)             Checksum: C50DF84081D0F82B448E942EAB1543F6;6211.


LaTeX Warning: There were undefined references.


LaTeX Warning: There were multiply-defined labels.

Package atveryend Info: Empty hook `AtVeryVeryEnd' on input line 249.
 ) 
Here is how much of TeX's memory you used:
 15731 strings out of 494910
 241030 string characters out of 6179835
 347120 words of memory out of 5000000
 18287 multiletter control sequences out of 15000+600000
 106670 words of font info for 182 fonts, out of 8000000 for 9000
 36 hyphenation exceptions out of 8191
 36i,15n,51p,1461b,745s stack positions out of 5000i,500n,10000p,200000b,80000s
 </home/cifucito/.texmf-var/fonts/pk/ljfour/jknappen/ec/ectt1095.600pk>{/usr/
share/texlive/texmf-dist/fonts/enc/dvips/base/8r.enc}</usr/share/texlive/texmf-
dist/fonts/type1/public/amsfonts/cm/cmex10.pfb></usr/share/texlive/texmf-dist/f
onts/type1/public/amsfonts/cm/cmmi10.pfb></usr/share/texlive/texmf-dist/fonts/t
ype1/public/amsfonts/cm/cmr10.pfb></usr/share/texlive/texmf-dist/fonts/type1/pu
blic/amsfonts/cm/cmss8.pfb></usr/share/texlive/texmf-dist/fonts/type1/public/am
sfonts/cm/cmsy10.pfb></usr/share/texlive/texmf-dist/fonts/type1/public/esint-ty
pe1/esint10.pfb></usr/share/texlive/texmf-dist/fonts/type1/public/amsfonts/symb
ols/msbm10.pfb></usr/share/texlive/texmf-dist/fonts/type1/public/rsfs/rsfs10.pf
b></usr/share/texlive/texmf-dist/fonts/type1/urw/symbol/usyr.pfb></usr/share/te
xlive/texmf-dist/fonts/type1/urw/symbol/usyr.pfb></usr/share/texlive/texmf-dist
/fonts/type1/urw/times/utmb8a.pfb></usr/share/texlive/texmf-dist/fonts/type1/ur
w/times/utmr8a.pfb></usr/share/texlive/texmf-dist/fonts/type1/urw/times/utmr8a.
pfb></usr/share/texlive/texmf-dist/fonts/type1/urw/times/utmri8a.pfb>
Output written on main.pdf (83 pages, 10216111 bytes).
PDF statistics:
 1648 PDF objects out of 1728 (max. 8388607)
 1362 compressed objects within 14 object streams
 367 named destinations out of 1000 (max. 500000)
 630 words of extra memory for PDF output out of 10000 (max. 10000000)

